00:00:00.000 (0) - --> Connecting...
00:00:00.001 (1) - Try to connect without pin.
AT%13%
0 9>AT%13%%13%%10%OK%13%%10%
AT+CGREG?%13%
9 40>AT+CGREG?%13%%13%%10%+CGREG: 0,2%13%%10%%13%%10%OK%13%%10%
AT+CGREG?%13%
40 71>AT+CGREG?%13%%13%%10%+CGREG: 0,2%13%%10%%13%%10%OK%13%%10%
AT+CGREG?%13%
71 102>AT+CGREG?%13%%13%%10%+CGREG: 0,1%13%%10%%13%%10%OK%13%%10%
AT+IFC=1,1%13%
102 119>AT+IFC=1,1%13%%13%%10%OK%13%%10%
AT+CMGF=1%13%
119 9>%19%%17%AT+CMGF=1%13%%13%%10%OK%13%%10%
AT+CLIP=1%13%
9 25>AT+CLIP=1%13%%13%%10%OK%13%%10%
ATE0%13%
25 36>ATE0%13%%13%%10%OK%13%%10%
AT+COLP=1%13%
36 42>%13%%10%OK%13%%10%
00:00:24.793 (24793) - Connect code: 3
00:00:24.795 (24795) - Connected
00:00:24.830 (24830) - <--
00:00:24.859 (24859) - =======================================================
00:00:24.943 (24943) - Arduino started
00:00:24.984 (24984) - =======================================================
00:01:12.581 (72581) - sensor triggered: 21 - time from last alarm: 00:01:12.580 (72580)
00:01:12.607 (72607) - !!! alarm, alarm, alarm !!!
00:01:12.662 (72662) - 1
Sending message to mobile number: 0723002252
Message:
alarm acasa
AT+CMGS="0723002252"%13%
42 46>%13%%10%> 
alarm acasa%26%%13%
42 66>%13%%10%> %13%%10%+CMGS: 106%13%%10%%13%%10%OK%13%%10%
SMS successfully sent
00:01:18.659 (78659) - sensor triggered: 22 - time from last alarm: 00:00:06.078 (6078)
00:01:20.186 (80186) - sensor triggered: 22 - time from last alarm: 00:00:07.605 (7605)
00:01:21.213 (81213) - sensor triggered: 22 - time from last alarm: 00:00:08.632 (8632)
00:01:24.240 (84240) - sensor triggered: 21 - time from last alarm: 00:00:11.660 (11660)

